INFO:aiogram.dispatcher:Start polling
INFO:aiogram.dispatcher:Run polling for bot @PlanSay_Bot id=7608279194 - 'PlanSay'
ERROR:aiogram.dispatcher:Failed to fetch updates - TelegramConflictError: Telegram server says - Conflict: terminated by other getUpdates request; make sure that only one bot instance is running
WARNING:aiogram.dispatcher:Sleep for 1.000000 seconds and try again... (tryings = 0, bot id = 7608279194)
ERROR:aiogram.dispatcher:Failed to fetch updates - TelegramConflictError: Telegram server says - Conflict: terminated by other getUpdates request; make sure that only one bot instance is running
WARNING:aiogram.dispatcher:Sleep for 1.386981 seconds and try again... (tryings = 1, bot id = 7608279194)
ERROR:aiogram.dispatcher:Failed to fetch updates - TelegramConflictError: Telegram server says - Conflict: terminated by other getUpdates request; make sure that only one bot instance is running
WARNING:aiogram.dispatcher:Sleep for 1.878564 seconds and try again... (tryings = 2, bot id = 7608279194)
ERROR:aiogram.dispatcher:Failed to fetch updates - TelegramConflictError: Telegram server says - Conflict: terminated by other getUpdates request; make sure that only one bot instance is running
WARNING:aiogram.dispatcher:Sleep for 2.517857 seconds and try again... (tryings = 3, bot id = 7608279194)
WARNING:aiogram.dispatcher:Received SIGINT signal
INFO:aiogram.dispatcher:Polling stopped for bot @PlanSay_Bot id=7608279194 - 'PlanSay'
INFO:aiogram.dispatcher:Polling stopped
INFO:aiogram.dispatcher:Start polling
INFO:aiogram.dispatcher:Run polling for bot @PlanSay_Bot id=7608279194 - 'PlanSay'
INFO:aiogram.event:Update id=987391886 is handled. Duration 209 ms by bot id=7608279194
INFO:aiogram.event:Update id=987391885 is handled. Duration 211 ms by bot id=7608279194
INFO:aiogram.event:Update id=987391887 is handled. Duration 78 ms by bot id=7608279194
INFO:aiogram.event:Update id=987391888 is handled. Duration 84 ms by bot id=7608279194
INFO:aiogram.event:Update id=987391889 is handled. Duration 130 ms by bot id=7608279194
INFO:aiogram.event:Update id=987391890 is handled. Duration 74 ms by bot id=7608279194
INFO:aiogram.event:Update id=987391891 is handled. Duration 220 ms by bot id=7608279194
INFO:aiogram.event:Update id=987391892 is handled. Duration 75 ms by bot id=7608279194
INFO:httpx:HTTP Request: POST http://localhost:8000/telegram/tasks "HTTP/1.1 200 OK"
INFO:aiogram.event:Update id=987391893 is handled. Duration 152 ms by bot id=7608279194
INFO:aiogram.event:Update id=987391894 is handled. Duration 100 ms by bot id=7608279194
INFO:aiogram.event:Update id=987391895 is handled. Duration 84 ms by bot id=7608279194
ERROR:__main__:Ошибка обработки аудио: [Errno 2] No such file or directory: 'models/vosk/ffmpeg-2025-04-21-git-9e1162bdf1-full_build/bin/ffmpeg'
INFO:aiogram.event:Update id=987391896 is handled. Duration 442 ms by bot id=7608279194
INFO:aiogram.event:Update id=987391897 is handled. Duration 95 ms by bot id=7608279194
INFO:aiogram.event:Update id=987391898 is handled. Duration 92 ms by bot id=7608279194
ERROR:__main__:Ошибка обработки аудио: [Errno 2] No such file or directory: 'models/vosk/ffmpeg-2025-04-21-git-9e1162bdf1-full_build/bin/ffmpeg'
INFO:aiogram.event:Update id=987391899 is handled. Duration 456 ms by bot id=7608279194
WARNING:aiogram.dispatcher:Received SIGINT signal
INFO:aiogram.dispatcher:Polling stopped for bot @PlanSay_Bot id=7608279194 - 'PlanSay'
INFO:aiogram.dispatcher:Polling stopped
INFO:aiogram.dispatcher:Start polling
INFO:aiogram.dispatcher:Run polling for bot @PlanSay_Bot id=7608279194 - 'PlanSay'
INFO:aiogram.event:Update id=987391900 is handled. Duration 229 ms by bot id=7608279194
INFO:aiogram.event:Update id=987391901 is handled. Duration 206 ms by bot id=7608279194
INFO:aiogram.event:Update id=987391902 is handled. Duration 88 ms by bot id=7608279194
INFO:aiogram.event:Update id=987391903 is handled. Duration 81 ms by bot id=7608279194
INFO:aiogram.event:Update id=987391904 is handled. Duration 76 ms by bot id=7608279194
ERROR:__main__:Ошибка обработки аудио: [Errno 2] No such file or directory: 'models/vosk/ffmpeg-2025-04-21-git-9e1162bdf1-full_build/bin/ffmpeg'
INFO:aiogram.event:Update id=987391905 is handled. Duration 395 ms by bot id=7608279194
WARNING:aiogram.dispatcher:Received SIGINT signal
INFO:aiogram.dispatcher:Polling stopped for bot @PlanSay_Bot id=7608279194 - 'PlanSay'
INFO:aiogram.dispatcher:Polling stopped
INFO:aiogram.dispatcher:Start polling
INFO:aiogram.dispatcher:Run polling for bot @PlanSay_Bot id=7608279194 - 'PlanSay'
INFO:aiogram.event:Update id=987391906 is handled. Duration 330 ms by bot id=7608279194
INFO:aiogram.event:Update id=987391907 is handled. Duration 81 ms by bot id=7608279194
INFO:aiogram.event:Update id=987391908 is handled. Duration 144 ms by bot id=7608279194
INFO:aiogram.event:Update id=987391909 is handled. Duration 86 ms by bot id=7608279194
ERROR:__main__:Ошибка обработки аудио: [Errno 2] No such file or directory: 'models/vosk/ffmpeg-2025-04-21-git-9e1162bdf1-full_build/bin/ffmpeg'
INFO:aiogram.event:Update id=987391910 is handled. Duration 432 ms by bot id=7608279194
WARNING:aiogram.dispatcher:Received SIGINT signal
INFO:aiogram.dispatcher:Polling stopped for bot @PlanSay_Bot id=7608279194 - 'PlanSay'
INFO:aiogram.dispatcher:Polling stopped
INFO:aiogram.dispatcher:Start polling
INFO:aiogram.dispatcher:Run polling for bot @PlanSay_Bot id=7608279194 - 'PlanSay'
INFO:aiogram.event:Update id=987391911 is handled. Duration 309 ms by bot id=7608279194
INFO:aiogram.event:Update id=987391912 is handled. Duration 86 ms by bot id=7608279194
INFO:aiogram.event:Update id=987391913 is handled. Duration 78 ms by bot id=7608279194
INFO:httpx:HTTP Request: POST http://localhost:8000/telegram/tasks "HTTP/1.1 200 OK"
INFO:aiogram.event:Update id=987391914 is handled. Duration 489 ms by bot id=7608279194
INFO:aiogram.event:Update id=987391915 is handled. Duration 97 ms by bot id=7608279194
INFO:aiogram.event:Update id=987391916 is handled. Duration 99 ms by bot id=7608279194
INFO:httpx:HTTP Request: POST http://localhost:8000/telegram/tasks "HTTP/1.1 200 OK"
INFO:aiogram.event:Update id=987391917 is handled. Duration 586 ms by bot id=7608279194
WARNING:aiogram.dispatcher:Received SIGINT signal
INFO:aiogram.dispatcher:Polling stopped for bot @PlanSay_Bot id=7608279194 - 'PlanSay'
INFO:aiogram.dispatcher:Polling stopped
INFO:aiogram.dispatcher:Start polling
INFO:aiogram.dispatcher:Run polling for bot @PlanSay_Bot id=7608279194 - 'PlanSay'
INFO:aiogram.event:Update id=987391918 is handled. Duration 217 ms by bot id=7608279194
INFO:aiogram.event:Update id=987391919 is handled. Duration 87 ms by bot id=7608279194
INFO:aiogram.event:Update id=987391920 is handled. Duration 114 ms by bot id=7608279194
INFO:httpx:HTTP Request: POST http://localhost:8000/telegram/tasks "HTTP/1.1 200 OK"
INFO:aiogram.event:Update id=987391921 is handled. Duration 647 ms by bot id=7608279194
INFO:aiogram.event:Update id=987391922 is handled. Duration 96 ms by bot id=7608279194
INFO:httpx:HTTP Request: POST http://localhost:8000/telegram/tasks "HTTP/1.1 200 OK"
INFO:aiogram.event:Update id=987391923 is handled. Duration 845 ms by bot id=7608279194
WARNING:aiogram.dispatcher:Received SIGINT signal
INFO:aiogram.dispatcher:Polling stopped for bot @PlanSay_Bot id=7608279194 - 'PlanSay'
INFO:aiogram.dispatcher:Polling stopped
